 -> node0001 -> node0000
 -> node0002 -> node0001 -> node0000
 -> node0003 -> node0000
 -> node0004 -> node0000
 -> node0005 -> node0004 -> node0000
 -> node0006 -> node0005 -> node0004 -> node0000
 -> node0007 -> node0004 -> node0000
 -> node0008 -> node0003 -> node0000
 -> node0009 -> node0004 -> node0000
 -> node0010 -> node0005 -> node0004 -> node0000
 -> node0011 -> node0004 -> node0000
 -> node0012 -> node0000
 -> node0013 -> node0011 -> node0004 -> node0000
 -> node0014 -> node0012 -> node0000
 -> node0015 -> node0014 -> node0012 -> node0000
 -> node0016 -> node0004 -> node0000
 -> node0017 -> node0009 -> node0004 -> node0000
 -> node0018 -> node0001 -> node0000
 -> node0019 -> node0003 -> node0000
 -> node0020 -> node0001 -> node0000
 -> node0021 -> node0019 -> node0003 -> node0000
 -> node0022 -> node0004 -> node0000
 -> node0023 -> node0009 -> node0004 -> node0000
 -> node0024 -> node0020 -> node0001 -> node0000
 -> node0025 -> node0004 -> node0000
 -> node0026 -> node0020 -> node0001 -> node0000
 -> node0027 -> node0019 -> node0003 -> node0000
 -> node0028 -> node0018 -> node0001 -> node0000
 -> node0029 -> node0023 -> node0009 -> node0004 -> node0000
 -> node0030 -> node0022 -> node0004 -> node0000
 -> node0031 -> node0027 -> node0019 -> node0003 -> node0000
 -> node0032 -> node0004 -> node0000
 -> node0033 -> node0009 -> node0004 -> node0000
 -> node0034 -> node0020 -> node0001 -> node0000
 -> node0035 -> node0019 -> node0003 -> node0000
 -> node0036 -> node0000
 -> node0037 -> node0020 -> node0001 -> node0000
 -> node0038 -> node0004 -> node0000
 -> node0039 -> node0038 -> node0004 -> node0000
 -> node0040 -> node0020 -> node0001 -> node0000
 -> node0041 -> node0038 -> node0004 -> node0000
 -> node0042 -> node0040 -> node0020 -> node0001 -> node0000
 -> node0043 -> node0020 -> node0001 -> node0000
 -> node0044 -> node0020 -> node0001 -> node0000
 -> node0045 -> node0033 -> node0009 -> node0004 -> node0000
 -> node0046 -> node0019 -> node0003 -> node0000
 -> node0047 -> node0009 -> node0004 -> node0000
 -> node0048 -> node0038 -> node0004 -> node0000
 -> node0049 -> node0003 -> node0000
 -> node0050 -> node0046 -> node0019 -> node0003 -> node0000
 -> node0051 -> node0040 -> node0020 -> node0001 -> node0000
 -> node0052 -> node0004 -> node0000
 -> node0053 -> node0020 -> node0001 -> node0000
 -> node0054 -> node0001 -> node0000
 -> node0055 -> node0004 -> node0000
 -> node0056 -> node0054 -> node0001 -> node0000
 -> node0057 -> node0020 -> node0001 -> node0000
 -> node0058 -> node0001 -> node0000
 -> node0059 -> node0051 -> node0040 -> node0020 -> node0001 -> node0000
 -> node0060 -> node0040 -> node0020 -> node0001 -> node0000
 -> node0061 -> node0003 -> node0000
 -> node0062 -> node0000
 -> node0063 -> node0054 -> node0001 -> node0000
 -> node0064 -> node0001 -> node0000
 -> node0065 -> node0004 -> node0000
 -> node0066 -> node0053 -> node0020 -> node0001 -> node0000
 -> node0067 -> node0001 -> node0000
 -> node0068 -> node0065 -> node0004 -> node0000
 -> node0069 -> node0001 -> node0000
 -> node0070 -> node0019 -> node0003 -> node0000
 -> node0071 -> node0003 -> node0000
 -> node0072 -> node0068 -> node0065 -> node0004 -> node0000
 -> node0073 -> node0003 -> node0000
 -> node0074 -> node0058 -> node0001 -> node0000
 -> node0075 -> node0009 -> node0004 -> node0000
 -> node0076 -> node0009 -> node0004 -> node0000
 -> node0077 -> node0009 -> node0004 -> node0000
 -> node0078 -> node0001 -> node0000
 -> node0079 -> node0003 -> node0000
 -> node0080 -> node0003 -> node0000
 -> node0081 -> node0040 -> node0020 -> node0001 -> node0000
 -> node0082 -> node0003 -> node0000
 -> node0083 -> node0070 -> node0019 -> node0003 -> node0000
 -> node0084 -> node0046 -> node0019 -> node0003 -> node0000
 -> node0085 -> node0082 -> node0003 -> node0000
 -> node0086 -> node0009 -> node0004 -> node0000
 -> node0087 -> node0081 -> node0040 -> node0020 -> node0001 -> node0000
 -> node0088 -> node0087 -> node0081 -> node0040 -> node0020 -> node0001 -> node0000
 -> node0089 -> node0081 -> node0040 -> node0020 -> node0001 -> node0000
 -> node0090 -> node0000
 -> node0091 -> node0090 -> node0000
 -> node0092 -> node0089 -> node0081 -> node0040 -> node0020 -> node0001 -> node0000
 -> node0093 -> node0019 -> node0003 -> node0000
 -> node0094 -> node0088 -> node0087 -> node0081 -> node0040 -> node0020 -> node0001 -> node0000
 -> node0095 -> node0086 -> node0009 -> node0004 -> node0000
 -> node0096 -> node0019 -> node0003 -> node0000
 -> node0097 -> node0082 -> node0003 -> node0000
 -> node0098 -> node0082 -> node0003 -> node0000
 -> node0099 -> node0040 -> node0020 -> node0001 -> node0000
 -> node0100 -> node0082 -> node0003 -> node0000
 -> node0101 -> node0000
 -> node0102 -> node0020 -> node0001 -> node0000
 -> node0103 -> node0082 -> node0003 -> node0000
 -> node0104 -> node0082 -> node0003 -> node0000
 -> node0105 -> node0103 -> node0082 -> node0003 -> node0000
 -> node0106 -> node0000
 -> node0107 -> node0019 -> node0003 -> node0000
 -> node0108 -> node0097 -> node0082 -> node0003 -> node0000
 -> node0109 -> node0003 -> node0000
 -> node0110 -> node0082 -> node0003 -> node0000
 -> node0111 -> node0001 -> node0000
 -> node0112 -> node0009 -> node0004 -> node0000
 -> node0113 -> node0081 -> node0040 -> node0020 -> node0001 -> node0000
 -> node0114 -> node0009 -> node0004 -> node0000
 -> node0115 -> node0004 -> node0000
 -> node0116 -> node0019 -> node0003 -> node0000
 -> node0117 -> node0098 -> node0082 -> node0003 -> node0000
 -> node0118 -> node0040 -> node0020 -> node0001 -> node0000
 -> node0119 -> node0003 -> node0000
 -> node0120 -> node0118 -> node0040 -> node0020 -> node0001 -> node0000
 -> node0121 -> node0001 -> node0000
 -> node0122 -> node0105 -> node0103 -> node0082 -> node0003 -> node0000
 -> node0123 -> node0112 -> node0009 -> node0004 -> node0000
 -> node0124 -> node0000
 -> node0125 -> node0124 -> node0000
 -> node0126 -> node0003 -> node0000
 -> node0127 -> node0081 -> node0040 -> node0020 -> node0001 -> node0000
 -> node0128 -> node0004 -> node0000
 -> node0129 -> node0000
 -> node0130 -> node0082 -> node0003 -> node0000
 -> node0131 -> node0000
 -> node0132 -> node0040 -> node0020 -> node0001 -> node0000
 -> node0133 -> node0004 -> node0000
 -> node0134 -> node0119 -> node0003 -> node0000
 -> node0135 -> node0040 -> node0020 -> node0001 -> node0000
 -> node0136 -> node0003 -> node0000
 -> node0137 -> node0020 -> node0001 -> node0000
 -> node0138 -> node0040 -> node0020 -> node0001 -> node0000
 -> node0139 -> node0082 -> node0003 -> node0000
 -> node0140 -> node0001 -> node0000
 -> node0141 -> node0003 -> node0000
 -> node0142 -> node0040 -> node0020 -> node0001 -> node0000
 -> node0143 -> node0040 -> node0020 -> node0001 -> node0000
 -> node0144 -> node0082 -> node0003 -> node0000
 -> node0145 -> node0081 -> node0040 -> node0020 -> node0001 -> node0000
 -> node0146 -> node0019 -> node0003 -> node0000
 -> node0147 -> node0081 -> node0040 -> node0020 -> node0001 -> node0000
 -> node0148 -> node0020 -> node0001 -> node0000
 -> node0149 -> node0080 -> node0003 -> node0000
 -> node0150 -> node0020 -> node0001 -> node0000
 -> node0151 -> node0009 -> node0004 -> node0000
 -> node0152 -> node0137 -> node0020 -> node0001 -> node0000
 -> node0153 -> node0110 -> node0082 -> node0003 -> node0000
 -> node0154 -> node0000
 -> node0155 -> node0020 -> node0001 -> node0000
 -> node0156 -> node0081 -> node0040 -> node0020 -> node0001 -> node0000
 -> node0157 -> node0151 -> node0009 -> node0004 -> node0000
 -> node0158 -> node0009 -> node0004 -> node0000
 -> node0159 -> node0138 -> node0040 -> node0020 -> node0001 -> node0000
 -> node0160 -> node0000
 -> node0161 -> node0132 -> node0040 -> node0020 -> node0001 -> node0000
 -> node0162 -> node0158 -> node0009 -> node0004 -> node0000
 -> node0163 -> node0082 -> node0003 -> node0000
 -> node0164 -> node0151 -> node0009 -> node0004 -> node0000
 -> node0165 -> node0144 -> node0082 -> node0003 -> node0000
 -> node0166 -> node0003 -> node0000
 -> node0167 -> node0009 -> node0004 -> node0000
 -> node0168 -> node0001 -> node0000
 -> node0169 -> node0128 -> node0004 -> node0000
 -> node0170 -> node0166 -> node0003 -> node0000
 -> node0171 -> node0000
 -> node0172 -> node0003 -> node0000
 -> node0173 -> node0020 -> node0001 -> node0000
 -> node0174 -> node0003 -> node0000
 -> node0175 -> node0166 -> node0003 -> node0000
 -> node0176 -> node0009 -> node0004 -> node0000
 -> node0177 -> node0020 -> node0001 -> node0000
 -> node0178 -> node0168 -> node0001 -> node0000
 -> node0179 -> node0001 -> node0000
 -> node0180 -> node0001 -> node0000
 -> node0181 -> node0003 -> node0000
 -> node0182 -> node0001 -> node0000
 -> node0183 -> node0040 -> node0020 -> node0001 -> node0000
 -> node0184 -> node0009 -> node0004 -> node0000
 -> node0185 -> node0040 -> node0020 -> node0001 -> node0000
 -> node0186 -> node0009 -> node0004 -> node0000
 -> node0187 -> node0001 -> node0000
 -> node0188 -> node0001 -> node0000
 -> node0189 -> node0082 -> node0003 -> node0000
 -> node0190 -> node0166 -> node0003 -> node0000
 -> node0191 -> node0003 -> node0000
 -> node0192 -> node0020 -> node0001 -> node0000
 -> node0193 -> node0020 -> node0001 -> node0000
 -> node0194 -> node0001 -> node0000
 -> node0195 -> node0000
 -> node0196 -> node0001 -> node0000
 -> node0197 -> node0004 -> node0000
 -> node0198 -> node0166 -> node0003 -> node0000
 -> node0199 -> node0000
 -> node0200 -> node0019 -> node0003 -> node0000
 -> node0201 -> node0000
 -> node0202 -> node0004 -> node0000
 -> node0203 -> node0166 -> node0003 -> node0000
 -> node0204 -> node0003 -> node0000
 -> node0205 -> node0166 -> node0003 -> node0000
 -> node0206 -> node0019 -> node0003 -> node0000
 -> node0207 -> node0000
 -> node0208 -> node0166 -> node0003 -> node0000
 -> node0209 -> node0003 -> node0000
 -> node0210 -> node0189 -> node0082 -> node0003 -> node0000
 -> node0211 -> node0004 -> node0000
 -> node0212 -> node0040 -> node0020 -> node0001 -> node0000
 -> node0213 -> node0000
 -> node0214 -> node0001 -> node0000
 -> node0215 -> node0166 -> node0003 -> node0000
 -> node0216 -> node0000
 -> node0217 -> node0216 -> node0000
 -> node0218 -> node0082 -> node0003 -> node0000
 -> node0219 -> node0195 -> node0000
 -> node0220 -> node0020 -> node0001 -> node0000
 -> node0221 -> node0166 -> node0003 -> node0000
 -> node0222 -> node0004 -> node0000
 -> node0223 -> node0001 -> node0000
 -> node0224 -> node0003 -> node0000
 -> node0225 -> node0003 -> node0000
 -> node0226 -> node0019 -> node0003 -> node0000
 -> node0227 -> node0226 -> node0019 -> node0003 -> node0000
 -> node0228 -> node0082 -> node0003 -> node0000
 -> node0229 -> node0004 -> node0000
 -> node0230 -> node0228 -> node0082 -> node0003 -> node0000
 -> node0231 -> node0020 -> node0001 -> node0000
 -> node0232 -> node0009 -> node0004 -> node0000
 -> node0233 -> node0020 -> node0001 -> node0000
 -> node0234 -> node0003 -> node0000
 -> node0235 -> node0003 -> node0000
 -> node0236 -> node0020 -> node0001 -> node0000
 -> node0237 -> node0004 -> node0000
 -> node0238 -> node0009 -> node0004 -> node0000
 -> node0239 -> node0004 -> node0000
 -> node0240 -> node0019 -> node0003 -> node0000
 -> node0241 -> node0004 -> node0000
 -> node0242 -> node0229 -> node0004 -> node0000
 -> node0243 -> node0019 -> node0003 -> node0000
 -> node0244 -> node0001 -> node0000
 -> node0245 -> node0001 -> node0000
 -> node0246 -> node0234 -> node0003 -> node0000
 -> node0247 -> node0019 -> node0003 -> node0000
 -> node0248 -> node0001 -> node0000
 -> node0249 -> node0245 -> node0001 -> node0000
 -> node0250 -> node0003 -> node0000
 -> node0251 -> node0040 -> node0020 -> node0001 -> node0000
 -> node0252 -> node0001 -> node0000
 -> node0253 -> node0000
 -> node0254 -> node0003 -> node0000
 -> node0255 -> node0020 -> node0001 -> node0000
 -> node0256 -> node0251 -> node0040 -> node0020 -> node0001 -> node0000
 -> node0257 -> node0000
 -> node0258 -> node0082 -> node0003 -> node0000
 -> node0259 -> node0082 -> node0003 -> node0000
 -> node0260 -> node0019 -> node0003 -> node0000
 -> node0261 -> node0001 -> node0000
 -> node0262 -> node0000
 -> node0263 -> node0019 -> node0003 -> node0000
 -> node0264 -> node0009 -> node0004 -> node0000
 -> node0265 -> node0262 -> node0000
 -> node0266 -> node0004 -> node0000
 -> node0267 -> node0260 -> node0019 -> node0003 -> node0000
 -> node0268 -> node0211 -> node0004 -> node0000
 -> node0269 -> node0004 -> node0000
 -> node0270 -> node0000
 -> node0271 -> node0082 -> node0003 -> node0000
 -> node0272 -> node0004 -> node0000
 -> node0273 -> node0271 -> node0082 -> node0003 -> node0000
 -> node0274 -> node0020 -> node0001 -> node0000
 -> node0275 -> node0001 -> node0000
 -> node0276 -> node0273 -> node0271 -> node0082 -> node0003 -> node0000
 -> node0277 -> node0163 -> node0082 -> node0003 -> node0000
 -> node0278 -> node0000
 -> node0279 -> node0166 -> node0003 -> node0000
 -> node0280 -> node0278 -> node0000
 -> node0281 -> node0004 -> node0000
 -> node0282 -> node0166 -> node0003 -> node0000
 -> node0283 -> node0009 -> node0004 -> node0000
 -> node0284 -> node0003 -> node0000
 -> node0285 -> node0040 -> node0020 -> node0001 -> node0000
 -> node0286 -> node0019 -> node0003 -> node0000
 -> node0287 -> node0283 -> node0009 -> node0004 -> node0000
 -> node0288 -> node0000
 -> node0289 -> node0252 -> node0001 -> node0000
 -> node0290 -> node0003 -> node0000
 -> node0291 -> node0167 -> node0009 -> node0004 -> node0000
 -> node0292 -> node0019 -> node0003 -> node0000
 -> node0293 -> node0000
 -> node0294 -> node0280 -> node0278 -> node0000
 -> node0295 -> node0004 -> node0000
 -> node0296 -> node0009 -> node0004 -> node0000
 -> node0297 -> node0225 -> node0003 -> node0000
 -> node0298 -> node0040 -> node0020 -> node0001 -> node0000
 -> node0299 -> node0282 -> node0166 -> node0003 -> node0000
 -> node0300 -> node0184 -> node0009 -> node0004 -> node0000
 -> node0301 -> node0020 -> node0001 -> node0000
 -> node0302 -> node0082 -> node0003 -> node0000
 -> node0303 -> node0287 -> node0283 -> node0009 -> node0004 -> node0000
 -> node0304 -> node0001 -> node0000
 -> node0305 -> node0302 -> node0082 -> node0003 -> node0000
 -> node0306 -> node0000
 -> node0307 -> node0082 -> node0003 -> node0000
 -> node0308 -> node0001 -> node0000
 -> node0309 -> node0040 -> node0020 -> node0001 -> node0000
 -> node0310 -> node0000
 -> node0311 -> node0166 -> node0003 -> node0000
 -> node0312 -> node0009 -> node0004 -> node0000
 -> node0313 -> node0001 -> node0000
 -> node0314 -> node0020 -> node0001 -> node0000
 -> node0315 -> node0000
 -> node0316 -> node0019 -> node0003 -> node0000
 -> node0317 -> node0309 -> node0040 -> node0020 -> node0001 -> node0000
 -> node0318 -> node0003 -> node0000
 -> node0319 -> node0003 -> node0000
 -> node0320 -> node0001 -> node0000
 -> node0321 -> node0001 -> node0000
 -> node0322 -> node0320 -> node0001 -> node0000
 -> node0323 -> node0082 -> node0003 -> node0000
 -> node0324 -> node0040 -> node0020 -> node0001 -> node0000
 -> node0325 -> node0004 -> node0000
 -> node0326 -> node0040 -> node0020 -> node0001 -> node0000
 -> node0327 -> node0082 -> node0003 -> node0000
 -> node0328 -> node0020 -> node0001 -> node0000
 -> node0329 -> node0313 -> node0001 -> node0000
 -> node0330 -> node0000
 -> node0331 -> node0082 -> node0003 -> node0000
 -> node0332 -> node0000
 -> node0333 -> node0166 -> node0003 -> node0000
 -> node0334 -> node0004 -> node0000
 -> node0335 -> node0323 -> node0082 -> node0003 -> node0000
 -> node0336 -> node0166 -> node0003 -> node0000
 -> node0337 -> node0166 -> node0003 -> node0000
 -> node0338 -> node0334 -> node0004 -> node0000
 -> node0339 -> node0334 -> node0004 -> node0000
 -> node0340 -> node0283 -> node0009 -> node0004 -> node0000
 -> node0341 -> node0003 -> node0000
 -> node0342 -> node0321 -> node0001 -> node0000
 -> node0343 -> node0000
 -> node0344 -> node0009 -> node0004 -> node0000
 -> node0345 -> node0004 -> node0000
 -> node0346 -> node0328 -> node0020 -> node0001 -> node0000
 -> node0347 -> node0001 -> node0000
 -> node0348 -> node0346 -> node0328 -> node0020 -> node0001 -> node0000
 -> node0349 -> node0000
 -> node0350 -> node0333 -> node0166 -> node0003 -> node0000
 -> node0351 -> node0166 -> node0003 -> node0000
 -> node0352 -> node0009 -> node0004 -> node0000
 -> node0353 -> node0166 -> node0003 -> node0000
 -> node0354 -> node0004 -> node0000
 -> node0355 -> node0349 -> node0000
 -> node0356 -> node0082 -> node0003 -> node0000
 -> node0357 -> node0020 -> node0001 -> node0000
 -> node0358 -> node0352 -> node0009 -> node0004 -> node0000
 -> node0359 -> node0019 -> node0003 -> node0000
 -> node0360 -> node0003 -> node0000
 -> node0361 -> node0318 -> node0003 -> node0000
 -> node0362 -> node0328 -> node0020 -> node0001 -> node0000
 -> node0363 -> node0009 -> node0004 -> node0000
 -> node0364 -> node0333 -> node0166 -> node0003 -> node0000
 -> node0365 -> node0357 -> node0020 -> node0001 -> node0000
 -> node0366 -> node0334 -> node0004 -> node0000
 -> node0367 -> node0040 -> node0020 -> node0001 -> node0000
 -> node0368 -> node0009 -> node0004 -> node0000
 -> node0369 -> node0019 -> node0003 -> node0000
 -> node0370 -> node0332 -> node0000
 -> node0371 -> node0338 -> node0334 -> node0004 -> node0000
 -> node0372 -> node0166 -> node0003 -> node0000
 -> node0373 -> node0004 -> node0000
 -> node0374 -> node0000
 -> node0375 -> node0004 -> node0000
 -> node0376 -> node0040 -> node0020 -> node0001 -> node0000
 -> node0377 -> node0333 -> node0166 -> node0003 -> node0000
 -> node0378 -> node0004 -> node0000
 -> node0379 -> node0003 -> node0000
 -> node0380 -> node0009 -> node0004 -> node0000
 -> node0381 -> node0082 -> node0003 -> node0000
 -> node0382 -> node0368 -> node0009 -> node0004 -> node0000
 -> node0383 -> node0004 -> node0000
 -> node0384 -> node0368 -> node0009 -> node0004 -> node0000
 -> node0385 -> node0350 -> node0333 -> node0166 -> node0003 -> node0000
 -> node0386 -> node0040 -> node0020 -> node0001 -> node0000
 -> node0387 -> node0004 -> node0000
 -> node0388 -> node0040 -> node0020 -> node0001 -> node0000
 -> node0389 -> node0166 -> node0003 -> node0000
 -> node0390 -> node0333 -> node0166 -> node0003 -> node0000
 -> node0391 -> node0389 -> node0166 -> node0003 -> node0000
 -> node0392 -> node0020 -> node0001 -> node0000
 -> node0393 -> node0040 -> node0020 -> node0001 -> node0000
 -> node0394 -> node0009 -> node0004 -> node0000
 -> node0395 -> node0166 -> node0003 -> node0000
 -> node0396 -> node0019 -> node0003 -> node0000
 -> node0397 -> node0020 -> node0001 -> node0000
 -> node0398 -> node0333 -> node0166 -> node0003 -> node0000
 -> node0399 -> node0334 -> node0004 -> node0000
 -> node0400 -> node0373 -> node0004 -> node0000
 -> node0401 -> node0394 -> node0009 -> node0004 -> node0000
 -> node0402 -> node0398 -> node0333 -> node0166 -> node0003 -> node0000
 -> node0403 -> node0019 -> node0003 -> node0000
 -> node0404 -> node0396 -> node0019 -> node0003 -> node0000
 -> node0405 -> node0003 -> node0000
 -> node0406 -> node0405 -> node0003 -> node0000
 -> node0407 -> node0000
 -> node0408 -> node0376 -> node0040 -> node0020 -> node0001 -> node0000
 -> node0409 -> node0003 -> node0000
 -> node0410 -> node0393 -> node0040 -> node0020 -> node0001 -> node0000
 -> node0411 -> node0019 -> node0003 -> node0000
 -> node0412 -> node0334 -> node0004 -> node0000
 -> node0413 -> node0406 -> node0405 -> node0003 -> node0000
 -> node0414 -> node0401 -> node0394 -> node0009 -> node0004 -> node0000
 -> node0415 -> node0082 -> node0003 -> node0000
 -> node0416 -> node0334 -> node0004 -> node0000
 -> node0417 -> node0166 -> node0003 -> node0000
 -> node0418 -> node0415 -> node0082 -> node0003 -> node0000
 -> node0419 -> node0334 -> node0004 -> node0000
 -> node0420 -> node0000
 -> node0421 -> node0401 -> node0394 -> node0009 -> node0004 -> node0000
 -> node0422 -> node0333 -> node0166 -> node0003 -> node0000
 -> node0423 -> node0019 -> node0003 -> node0000
 -> node0424 -> node0020 -> node0001 -> node0000
 -> node0425 -> node0422 -> node0333 -> node0166 -> node0003 -> node0000
 -> node0426 -> node0009 -> node0004 -> node0000
 -> node0427 -> node0040 -> node0020 -> node0001 -> node0000
 -> node0428 -> node0004 -> node0000
 -> node0429 -> node0003 -> node0000
 -> node0430 -> node0426 -> node0009 -> node0004 -> node0000
 -> node0431 -> node0166 -> node0003 -> node0000
 -> node0432 -> node0001 -> node0000
 -> node0433 -> node0000
 -> node0434 -> node0040 -> node0020 -> node0001 -> node0000
 -> node0435 -> node0004 -> node0000
 -> node0436 -> node0001 -> node0000
 -> node0437 -> node0001 -> node0000
 -> node0438 -> node0416 -> node0334 -> node0004 -> node0000
 -> node0439 -> node0166 -> node0003 -> node0000
 -> node0440 -> node0004 -> node0000
 -> node0441 -> node0009 -> node0004 -> node0000
 -> node0442 -> node0435 -> node0004 -> node0000
 -> node0443 -> node0430 -> node0426 -> node0009 -> node0004 -> node0000
 -> node0444 -> node0019 -> node0003 -> node0000
 -> node0445 -> node0003 -> node0000
 -> node0446 -> node0082 -> node0003 -> node0000
 -> node0447 -> node0040 -> node0020 -> node0001 -> node0000
 -> node0448 -> node0426 -> node0009 -> node0004 -> node0000
 -> node0449 -> node0082 -> node0003 -> node0000
 -> node0450 -> node0334 -> node0004 -> node0000
 -> node0451 -> node0432 -> node0001 -> node0000
 -> node0452 -> node0000
 -> node0453 -> node0436 -> node0001 -> node0000
 -> node0454 -> node0446 -> node0082 -> node0003 -> node0000
 -> node0455 -> node0417 -> node0166 -> node0003 -> node0000
 -> node0456 -> node0333 -> node0166 -> node0003 -> node0000
 -> node0457 -> node0020 -> node0001 -> node0000
 -> node0458 -> node0003 -> node0000
 -> node0459 -> node0019 -> node0003 -> node0000
 -> node0460 -> node0447 -> node0040 -> node0020 -> node0001 -> node0000
 -> node0461 -> node0020 -> node0001 -> node0000
 -> node0462 -> node0166 -> node0003 -> node0000
 -> node0463 -> node0003 -> node0000
 -> node0464 -> node0459 -> node0019 -> node0003 -> node0000
 -> node0465 -> node0460 -> node0447 -> node0040 -> node0020 -> node0001 -> node0000
 -> node0466 -> node0457 -> node0020 -> node0001 -> node0000
 -> node0467 -> node0166 -> node0003 -> node0000
 -> node0468 -> node0457 -> node0020 -> node0001 -> node0000
 -> node0469 -> node0040 -> node0020 -> node0001 -> node0000
 -> node0470 -> node0467 -> node0166 -> node0003 -> node0000
 -> node0471 -> node0003 -> node0000
 -> node0472 -> node0004 -> node0000
 -> node0473 -> node0004 -> node0000
 -> node0474 -> node0040 -> node0020 -> node0001 -> node0000
 -> node0475 -> node0166 -> node0003 -> node0000
 -> node0476 -> node0082 -> node0003 -> node0000
 -> node0477 -> node0334 -> node0004 -> node0000
 -> node0478 -> node0082 -> node0003 -> node0000
 -> node0479 -> node0082 -> node0003 -> node0000
 -> node0480 -> node0020 -> node0001 -> node0000
 -> node0481 -> node0472 -> node0004 -> node0000
 -> node0482 -> node0004 -> node0000
 -> node0483 -> node0001 -> node0000
 -> node0484 -> node0001 -> node0000
 -> node0485 -> node0009 -> node0004 -> node0000
 -> node0486 -> node0457 -> node0020 -> node0001 -> node0000
 -> node0487 -> node0463 -> node0003 -> node0000
 -> node0488 -> node0485 -> node0009 -> node0004 -> node0000
 -> node0489 -> node0003 -> node0000
 -> node0490 -> node0082 -> node0003 -> node0000
 -> node0491 -> node0019 -> node0003 -> node0000
 -> node0492 -> node0020 -> node0001 -> node0000
 -> node0493 -> node0492 -> node0020 -> node0001 -> node0000
 -> node0494 -> node0166 -> node0003 -> node0000
 -> node0495 -> node0040 -> node0020 -> node0001 -> node0000
 -> node0496 -> node0000
 -> node0497 -> node0004 -> node0000
 -> node0498 -> node0166 -> node0003 -> node0000
 -> node0499 -> node0003 -> node0000
 -> node0500 -> node0166 -> node0003 -> node0000
 -> node0501 -> node0082 -> node0003 -> node0000
 -> node0502 -> node0020 -> node0001 -> node0000
 -> node0503 -> node0009 -> node0004 -> node0000
 -> node0504 -> node0471 -> node0003 -> node0000
 -> node0505 -> node0333 -> node0166 -> node0003 -> node0000
 -> node0506 -> node0333 -> node0166 -> node0003 -> node0000
 -> node0507 -> node0496 -> node0000
 -> node0508 -> node0003 -> node0000
 -> node0509 -> node0040 -> node0020 -> node0001 -> node0000
 -> node0510 -> node0508 -> node0003 -> node0000
 -> node0511 -> node0004 -> node0000
 -> node0512 -> node0000
 -> node0513 -> node0496 -> node0000
 -> node0514 -> node0082 -> node0003 -> node0000
 -> node0515 -> node0334 -> node0004 -> node0000
 -> node0516 -> node0082 -> node0003 -> node0000
 -> node0517 -> node0040 -> node0020 -> node0001 -> node0000
 -> node0518 -> node0333 -> node0166 -> node0003 -> node0000
 -> node0519 -> node0020 -> node0001 -> node0000
 -> node0520 -> node0009 -> node0004 -> node0000
 -> node0521 -> node0503 -> node0009 -> node0004 -> node0000
 -> node0522 -> node0000
 -> node0523 -> node0492 -> node0020 -> node0001 -> node0000
 -> node0524 -> node0334 -> node0004 -> node0000
 -> node0525 -> node0009 -> node0004 -> node0000
 -> node0526 -> node0001 -> node0000
 -> node0527 -> node0020 -> node0001 -> node0000
 -> node0528 -> node0020 -> node0001 -> node0000
 -> node0529 -> node0009 -> node0004 -> node0000
 -> node0530 -> node0524 -> node0334 -> node0004 -> node0000
 -> node0531 -> node0517 -> node0040 -> node0020 -> node0001 -> node0000
 -> node0532 -> node0479 -> node0082 -> node0003 -> node0000
 -> node0533 -> node0019 -> node0003 -> node0000
 -> node0534 -> node0334 -> node0004 -> node0000
 -> node0535 -> node0009 -> node0004 -> node0000
 -> node0536 -> node0166 -> node0003 -> node0000
 -> node0537 -> node0009 -> node0004 -> node0000
 -> node0538 -> node0082 -> node0003 -> node0000
 -> node0539 -> node0166 -> node0003 -> node0000
 -> node0540 -> node0020 -> node0001 -> node0000
 -> node0541 -> node0019 -> node0003 -> node0000
 -> node0542 -> node0004 -> node0000
 -> node0543 -> node0001 -> node0000
 -> node0544 -> node0535 -> node0009 -> node0004 -> node0000
 -> node0545 -> node0508 -> node0003 -> node0000
 -> node0546 -> node0000
 -> node0547 -> node0166 -> node0003 -> node0000
 -> node0548 -> node0019 -> node0003 -> node0000
 -> node0549 -> node0548 -> node0019 -> node0003 -> node0000
 -> node0550 -> node0000
 -> node0551 -> node0040 -> node0020 -> node0001 -> node0000
 -> node0552 -> node0019 -> node0003 -> node0000
 -> node0553 -> node0019 -> node0003 -> node0000
 -> node0554 -> node0333 -> node0166 -> node0003 -> node0000
 -> node0555 -> node0551 -> node0040 -> node0020 -> node0001 -> node0000
 -> node0556 -> node0333 -> node0166 -> node0003 -> node0000
 -> node0557 -> node0533 -> node0019 -> node0003 -> node0000
 -> node0558 -> node0040 -> node0020 -> node0001 -> node0000
 -> node0559 -> node0558 -> node0040 -> node0020 -> node0001 -> node0000
 -> node0560 -> node0001 -> node0000
 -> node0561 -> node0082 -> node0003 -> node0000
 -> node0562 -> node0000
 -> node0563 -> node0004 -> node0000
 -> node0564 -> node0019 -> node0003 -> node0000
 -> node0565 -> node0000
 -> node0566 -> node0564 -> node0019 -> node0003 -> node0000
 -> node0567 -> node0166 -> node0003 -> node0000
 -> node0568 -> node0333 -> node0166 -> node0003 -> node0000
 -> node0569 -> node0536 -> node0166 -> node0003 -> node0000
 -> node0570 -> node0001 -> node0000
 -> node0571 -> node0548 -> node0019 -> node0003 -> node0000
 -> node0572 -> node0526 -> node0001 -> node0000
 -> node0573 -> node0009 -> node0004 -> node0000
 -> node0574 -> node0553 -> node0019 -> node0003 -> node0000
 -> node0575 -> node0000
 -> node0576 -> node0082 -> node0003 -> node0000
 -> node0577 -> node0082 -> node0003 -> node0000
 -> node0578 -> node0040 -> node0020 -> node0001 -> node0000
 -> node0579 -> node0000
 -> node0580 -> node0333 -> node0166 -> node0003 -> node0000
 -> node0581 -> node0577 -> node0082 -> node0003 -> node0000
 -> node0582 -> node0334 -> node0004 -> node0000
 -> node0583 -> node0554 -> node0333 -> node0166 -> node0003 -> node0000
 -> node0584 -> node0333 -> node0166 -> node0003 -> node0000
 -> node0585 -> node0570 -> node0001 -> node0000
 -> node0586 -> node0334 -> node0004 -> node0000
 -> node0587 -> node0009 -> node0004 -> node0000
 -> node0588 -> node0004 -> node0000
 -> node0589 -> node0334 -> node0004 -> node0000
 -> node0590 -> node0000
 -> node0591 -> node0020 -> node0001 -> node0000
 -> node0592 -> node0004 -> node0000
 -> node0593 -> node0001 -> node0000
 -> node0594 -> node0567 -> node0166 -> node0003 -> node0000
 -> node0595 -> node0004 -> node0000
 -> node0596 -> node0019 -> node0003 -> node0000
 -> node0597 -> node0333 -> node0166 -> node0003 -> node0000
 -> node0598 -> node0333 -> node0166 -> node0003 -> node0000
 -> node0599 -> node0576 -> node0082 -> node0003 -> node0000
 -> node0600 -> node0334 -> node0004 -> node0000
 -> node0601 -> node0530 -> node0524 -> node0334 -> node0004 -> node0000
 -> node0602 -> node0575 -> node0000
 -> node0603 -> node0003 -> node0000
 -> node0604 -> node0020 -> node0001 -> node0000
 -> node0605 -> node0020 -> node0001 -> node0000
 -> node0606 -> node0003 -> node0000
 -> node0607 -> node0082 -> node0003 -> node0000
 -> node0608 -> node0166 -> node0003 -> node0000
 -> node0609 -> node0589 -> node0334 -> node0004 -> node0000
 -> node0610 -> node0586 -> node0334 -> node0004 -> node0000
 -> node0611 -> node0334 -> node0004 -> node0000
 -> node0612 -> node0604 -> node0020 -> node0001 -> node0000
 -> node0613 -> node0020 -> node0001 -> node0000
 -> node0614 -> node0593 -> node0001 -> node0000
 -> node0615 -> node0575 -> node0000
 -> node0616 -> node0001 -> node0000
 -> node0617 -> node0020 -> node0001 -> node0000
 -> node0618 -> node0001 -> node0000
 -> node0619 -> node0334 -> node0004 -> node0000
 -> node0620 -> node0618 -> node0001 -> node0000
 -> node0621 -> node0003 -> node0000
 -> node0622 -> node0616 -> node0001 -> node0000
 -> node0623 -> node0334 -> node0004 -> node0000
 -> node0624 -> node0166 -> node0003 -> node0000
 -> node0625 -> node0082 -> node0003 -> node0000
 -> node0626 -> node0082 -> node0003 -> node0000
 -> node0627 -> node0001 -> node0000
 -> node0628 -> node0623 -> node0334 -> node0004 -> node0000
 -> node0629 -> node0617 -> node0020 -> node0001 -> node0000
 -> node0630 -> node0613 -> node0020 -> node0001 -> node0000
 -> node0631 -> node0619 -> node0334 -> node0004 -> node0000
 -> node0632 -> node0019 -> node0003 -> node0000
 -> node0633 -> node0003 -> node0000
 -> node0634 -> node0334 -> node0004 -> node0000
 -> node0635 -> node0082 -> node0003 -> node0000
 -> node0636 -> node0040 -> node0020 -> node0001 -> node0000
 -> node0637 -> node0020 -> node0001 -> node0000
 -> node0638 -> node0000
 -> node0639 -> node0334 -> node0004 -> node0000
 -> node0640 -> node0082 -> node0003 -> node0000
 -> node0641 -> node0166 -> node0003 -> node0000
 -> node0642 -> node0000
 -> node0643 -> node0166 -> node0003 -> node0000
 -> node0644 -> node0082 -> node0003 -> node0000
 -> node0645 -> node0004 -> node0000
 -> node0646 -> node0001 -> node0000
 -> node0647 -> node0166 -> node0003 -> node0000
 -> node0648 -> node0004 -> node0000
 -> node0649 -> node0003 -> node0000
 -> node0650 -> node0648 -> node0004 -> node0000
 -> node0651 -> node0637 -> node0020 -> node0001 -> node0000
 -> node0652 -> node0009 -> node0004 -> node0000
 -> node0653 -> node0004 -> node0000
 -> node0654 -> node0596 -> node0019 -> node0003 -> node0000
 -> node0655 -> node0082 -> node0003 -> node0000
 -> node0656 -> node0003 -> node0000
 -> node0657 -> node0646 -> node0001 -> node0000
 -> node0658 -> node0634 -> node0334 -> node0004 -> node0000
 -> node0659 -> node0020 -> node0001 -> node0000
 -> node0660 -> node0334 -> node0004 -> node0000
 -> node0661 -> node0009 -> node0004 -> node0000
 -> node0662 -> node0082 -> node0003 -> node0000
 -> node0663 -> node0000
 -> node0664 -> node0166 -> node0003 -> node0000
 -> node0665 -> node0642 -> node0000
 -> node0666 -> node0001 -> node0000
 -> node0667 -> node0020 -> node0001 -> node0000
 -> node0668 -> node0636 -> node0040 -> node0020 -> node0001 -> node0000
 -> node0669 -> node0040 -> node0020 -> node0001 -> node0000
 -> node0670 -> node0334 -> node0004 -> node0000
 -> node0671 -> node0019 -> node0003 -> node0000
 -> node0672 -> node0662 -> node0082 -> node0003 -> node0000
 -> node0673 -> node0671 -> node0019 -> node0003 -> node0000
 -> node0674 -> node0667 -> node0020 -> node0001 -> node0000
 -> node0675 -> node0667 -> node0020 -> node0001 -> node0000
 -> node0676 -> node0667 -> node0020 -> node0001 -> node0000
 -> node0677 -> node0003 -> node0000
 -> node0678 -> node0000
 -> node0679 -> node0019 -> node0003 -> node0000
 -> node0680 -> node0009 -> node0004 -> node0000
 -> node0681 -> node0671 -> node0019 -> node0003 -> node0000
 -> node0682 -> node0613 -> node0020 -> node0001 -> node0000
 -> node0683 -> node0681 -> node0671 -> node0019 -> node0003 -> node0000
 -> node0684 -> node0166 -> node0003 -> node0000
 -> node0685 -> node0655 -> node0082 -> node0003 -> node0000
 -> node0686 -> node0669 -> node0040 -> node0020 -> node0001 -> node0000
 -> node0687 -> node0660 -> node0334 -> node0004 -> node0000
 -> node0688 -> node0000
 -> node0689 -> node0684 -> node0166 -> node0003 -> node0000
 -> node0690 -> node0166 -> node0003 -> node0000
 -> node0691 -> node0690 -> node0166 -> node0003 -> node0000
 -> node0692 -> node0004 -> node0000
 -> node0693 -> node0019 -> node0003 -> node0000
 -> node0694 -> node0677 -> node0003 -> node0000
 -> node0695 -> node0679 -> node0019 -> node0003 -> node0000
 -> node0696 -> node0009 -> node0004 -> node0000
 -> node0697 -> node0009 -> node0004 -> node0000
 -> node0698 -> node0333 -> node0166 -> node0003 -> node0000
 -> node0699 -> node0004 -> node0000
 -> node0700 -> node0669 -> node0040 -> node0020 -> node0001 -> node0000
 -> node0701 -> node0333 -> node0166 -> node0003 -> node0000
 -> node0702 -> node0000
 -> node0703 -> node0334 -> node0004 -> node0000
 -> node0704 -> node0333 -> node0166 -> node0003 -> node0000
 -> node0705 -> node0000
 -> node0706 -> node0003 -> node0000
 -> node0707 -> node0004 -> node0000
 -> node0708 -> node0333 -> node0166 -> node0003 -> node0000
 -> node0709 -> node0000
 -> node0710 -> node0706 -> node0003 -> node0000
 -> node0711 -> node0703 -> node0334 -> node0004 -> node0000
 -> node0712 -> node0082 -> node0003 -> node0000
 -> node0713 -> node0697 -> node0009 -> node0004 -> node0000
 -> node0714 -> node0670 -> node0334 -> node0004 -> node0000
 -> node0715 -> node0003 -> node0000
 -> node0716 -> node0334 -> node0004 -> node0000
 -> node0717 -> node0000
 -> node0718 -> node0004 -> node0000
 -> node0719 -> node0667 -> node0020 -> node0001 -> node0000
 -> node0720 -> node0082 -> node0003 -> node0000
 -> node0721 -> node0020 -> node0001 -> node0000
 -> node0722 -> node0684 -> node0166 -> node0003 -> node0000
 -> node0723 -> node0703 -> node0334 -> node0004 -> node0000
 -> node0724 -> node0713 -> node0697 -> node0009 -> node0004 -> node0000
 -> node0725 -> node0704 -> node0333 -> node0166 -> node0003 -> node0000
 -> node0726 -> node0715 -> node0003 -> node0000
 -> node0727 -> node0670 -> node0334 -> node0004 -> node0000
 -> node0728 -> node0725 -> node0704 -> node0333 -> node0166 -> node0003 -> node0000
 -> node0729 -> node0667 -> node0020 -> node0001 -> node0000
 -> node0730 -> node0669 -> node0040 -> node0020 -> node0001 -> node0000
 -> node0731 -> node0669 -> node0040 -> node0020 -> node0001 -> node0000
 -> node0732 -> node0040 -> node0020 -> node0001 -> node0000
 -> node0733 -> node0082 -> node0003 -> node0000
 -> node0734 -> node0732 -> node0040 -> node0020 -> node0001 -> node0000
 -> node0735 -> node0704 -> node0333 -> node0166 -> node0003 -> node0000
 -> node0736 -> node0019 -> node0003 -> node0000
 -> node0737 -> node0699 -> node0004 -> node0000
 -> node0738 -> node0667 -> node0020 -> node0001 -> node0000
 -> node0739 -> node0040 -> node0020 -> node0001 -> node0000
 -> node0740 -> node0009 -> node0004 -> node0000
 -> node0741 -> node0697 -> node0009 -> node0004 -> node0000
 -> node0742 -> node0020 -> node0001 -> node0000
 -> node0743 -> node0001 -> node0000
 -> node0744 -> node0082 -> node0003 -> node0000
 -> node0745 -> node0009 -> node0004 -> node0000
 -> node0746 -> node0670 -> node0334 -> node0004 -> node0000
 -> node0747 -> node0019 -> node0003 -> node0000
 -> node0748 -> node0003 -> node0000
 -> node0749 -> node0082 -> node0003 -> node0000
 -> node0750 -> node0729 -> node0667 -> node0020 -> node0001 -> node0000
 -> node0751 -> node0729 -> node0667 -> node0020 -> node0001 -> node0000
 -> node0752 -> node0040 -> node0020 -> node0001 -> node0000
 -> node0753 -> node0746 -> node0670 -> node0334 -> node0004 -> node0000
 -> node0754 -> node0082 -> node0003 -> node0000
 -> node0755 -> node0749 -> node0082 -> node0003 -> node0000
 -> node0756 -> node0000
 -> node0757 -> node0001 -> node0000
 -> node0758 -> node0736 -> node0019 -> node0003 -> node0000
 -> node0759 -> node0750 -> node0729 -> node0667 -> node0020 -> node0001 -> node0000
 -> node0760 -> node0333 -> node0166 -> node0003 -> node0000
 -> node0761 -> node0334 -> node0004 -> node0000
 -> node0762 -> node0000
 -> node0763 -> node0004 -> node0000
 -> node0764 -> node0333 -> node0166 -> node0003 -> node0000
 -> node0765 -> node0019 -> node0003 -> node0000
 -> node0766 -> node0669 -> node0040 -> node0020 -> node0001 -> node0000
 -> node0767 -> node0082 -> node0003 -> node0000
 -> node0768 -> node0020 -> node0001 -> node0000
 -> node0769 -> node0166 -> node0003 -> node0000
 -> node0770 -> node0009 -> node0004 -> node0000
 -> node0771 -> node0751 -> node0729 -> node0667 -> node0020 -> node0001 -> node0000
 -> node0772 -> node0004 -> node0000
 -> node0773 -> node0009 -> node0004 -> node0000
 -> node0774 -> node0000
 -> node0775 -> node0761 -> node0334 -> node0004 -> node0000
 -> node0776 -> node0765 -> node0019 -> node0003 -> node0000
 -> node0777 -> node0019 -> node0003 -> node0000
 -> node0778 -> node0777 -> node0019 -> node0003 -> node0000
 -> node0779 -> node0000
 -> node0780 -> node0082 -> node0003 -> node0000
 -> node0781 -> node0040 -> node0020 -> node0001 -> node0000
 -> node0782 -> node0748 -> node0003 -> node0000
 -> node0783 -> node0082 -> node0003 -> node0000
 -> node0784 -> node0667 -> node0020 -> node0001 -> node0000
 -> node0785 -> node0777 -> node0019 -> node0003 -> node0000
 -> node0786 -> node0767 -> node0082 -> node0003 -> node0000
 -> node0787 -> node0000
 -> node0788 -> node0757 -> node0001 -> node0000
 -> node0789 -> node0748 -> node0003 -> node0000
 -> node0790 -> node0001 -> node0000
 -> node0791 -> node0000
 -> node0792 -> node0166 -> node0003 -> node0000
 -> node0793 -> node0670 -> node0334 -> node0004 -> node0000
 -> node0794 -> node0003 -> node0000
 -> node0795 -> node0040 -> node0020 -> node0001 -> node0000
 -> node0796 -> node0001 -> node0000
 -> node0797 -> node0670 -> node0334 -> node0004 -> node0000
 -> node0798 -> node0781 -> node0040 -> node0020 -> node0001 -> node0000
 -> node0799 -> node0670 -> node0334 -> node0004 -> node0000
 -> node0800 -> node0333 -> node0166 -> node0003 -> node0000
 -> node0801 -> node0004 -> node0000
 -> node0802 -> node0760 -> node0333 -> node0166 -> node0003 -> node0000
 -> node0803 -> node0000
 -> node0804 -> node0756 -> node0000
 -> node0805 -> node0166 -> node0003 -> node0000
 -> node0806 -> node0334 -> node0004 -> node0000
 -> node0807 -> node0796 -> node0001 -> node0000
 -> node0808 -> node0333 -> node0166 -> node0003 -> node0000
 -> node0809 -> node0004 -> node0000
 -> node0810 -> node0801 -> node0004 -> node0000
 -> node0811 -> node0040 -> node0020 -> node0001 -> node0000
 -> node0812 -> node0020 -> node0001 -> node0000
 -> node0813 -> node0001 -> node0000
 -> node0814 -> node0004 -> node0000
 -> node0815 -> node0795 -> node0040 -> node0020 -> node0001 -> node0000
 -> node0816 -> node0667 -> node0020 -> node0001 -> node0000
 -> node0817 -> node0796 -> node0001 -> node0000
 -> node0818 -> node0784 -> node0667 -> node0020 -> node0001 -> node0000
 -> node0819 -> node0004 -> node0000
 -> node0820 -> node0819 -> node0004 -> node0000
 -> node0821 -> node0009 -> node0004 -> node0000
 -> node0822 -> node0082 -> node0003 -> node0000
 -> node0823 -> node0009 -> node0004 -> node0000
 -> node0824 -> node0004 -> node0000
 -> node0825 -> node0009 -> node0004 -> node0000
 -> node0826 -> node0822 -> node0082 -> node0003 -> node0000
 -> node0827 -> node0667 -> node0020 -> node0001 -> node0000
 -> node0828 -> node0166 -> node0003 -> node0000
 -> node0829 -> node0806 -> node0334 -> node0004 -> node0000
 -> node0830 -> node0003 -> node0000
 -> node0831 -> node0670 -> node0334 -> node0004 -> node0000
 -> node0832 -> node0009 -> node0004 -> node0000
 -> node0833 -> node0832 -> node0009 -> node0004 -> node0000
 -> node0834 -> node0166 -> node0003 -> node0000
 -> node0835 -> node0823 -> node0009 -> node0004 -> node0000
 -> node0836 -> node0004 -> node0000
 -> node0837 -> node0004 -> node0000
 -> node0838 -> node0009 -> node0004 -> node0000
 -> node0839 -> node0838 -> node0009 -> node0004 -> node0000
 -> node0840 -> node0809 -> node0004 -> node0000
 -> node0841 -> node0004 -> node0000
 -> node0842 -> node0827 -> node0667 -> node0020 -> node0001 -> node0000
 -> node0843 -> node0001 -> node0000
 -> node0844 -> node0333 -> node0166 -> node0003 -> node0000
 -> node0845 -> node0003 -> node0000
 -> node0846 -> node0003 -> node0000
 -> node0847 -> node0670 -> node0334 -> node0004 -> node0000
 -> node0848 -> node0003 -> node0000
 -> node0849 -> node0004 -> node0000
 -> node0850 -> node0003 -> node0000
 -> node0851 -> node0670 -> node0334 -> node0004 -> node0000
 -> node0852 -> node0019 -> node0003 -> node0000
 -> node0853 -> node0020 -> node0001 -> node0000
 -> node0854 -> node0003 -> node0000
 -> node0855 -> node0020 -> node0001 -> node0000
 -> node0856 -> node0846 -> node0003 -> node0000
 -> node0857 -> node0003 -> node0000
 -> node0858 -> node0019 -> node0003 -> node0000
 -> node0859 -> node0333 -> node0166 -> node0003 -> node0000
 -> node0860 -> node0001 -> node0000
 -> node0861 -> node0000
 -> node0862 -> node0009 -> node0004 -> node0000
 -> node0863 -> node0334 -> node0004 -> node0000
 -> node0864 -> node0859 -> node0333 -> node0166 -> node0003 -> node0000
 -> node0865 -> node0004 -> node0000
 -> node0866 -> node0166 -> node0003 -> node0000
 -> node0867 -> node0667 -> node0020 -> node0001 -> node0000
 -> node0868 -> node0846 -> node0003 -> node0000
 -> node0869 -> node0866 -> node0166 -> node0003 -> node0000
 -> node0870 -> node0019 -> node0003 -> node0000
 -> node0871 -> node0844 -> node0333 -> node0166 -> node0003 -> node0000
 -> node0872 -> node0009 -> node0004 -> node0000
 -> node0873 -> node0844 -> node0333 -> node0166 -> node0003 -> node0000
 -> node0874 -> node0334 -> node0004 -> node0000
 -> node0875 -> node0082 -> node0003 -> node0000
 -> node0876 -> node0669 -> node0040 -> node0020 -> node0001 -> node0000
 -> node0877 -> node0019 -> node0003 -> node0000
 -> node0878 -> node0876 -> node0669 -> node0040 -> node0020 -> node0001 -> node0000
 -> node0879 -> node0872 -> node0009 -> node0004 -> node0000
 -> node0880 -> node0003 -> node0000
 -> node0881 -> node0082 -> node0003 -> node0000
 -> node0882 -> node0009 -> node0004 -> node0000
 -> node0883 -> node0040 -> node0020 -> node0001 -> node0000
 -> node0884 -> node0009 -> node0004 -> node0000
 -> node0885 -> node0019 -> node0003 -> node0000
 -> node0886 -> node0000
 -> node0887 -> node0000
 -> node0888 -> node0166 -> node0003 -> node0000
 -> node0889 -> node0880 -> node0003 -> node0000
 -> node0890 -> node0004 -> node0000
 -> node0891 -> node0876 -> node0669 -> node0040 -> node0020 -> node0001 -> node0000
 -> node0892 -> node0009 -> node0004 -> node0000
 -> node0893 -> node0846 -> node0003 -> node0000
 -> node0894 -> node0001 -> node0000
 -> node0895 -> node0004 -> node0000
 -> node0896 -> node0001 -> node0000
 -> node0897 -> node0000
 -> node0898 -> node0020 -> node0001 -> node0000
 -> node0899 -> node0334 -> node0004 -> node0000
 -> node0900 -> node0004 -> node0000
 -> node0901 -> node0000
 -> node0902 -> node0082 -> node0003 -> node0000
 -> node0903 -> node0166 -> node0003 -> node0000
 -> node0904 -> node0003 -> node0000
 -> node0905 -> node0082 -> node0003 -> node0000
 -> node0906 -> node0003 -> node0000
 -> node0907 -> node0001 -> node0000
 -> node0908 -> node0669 -> node0040 -> node0020 -> node0001 -> node0000
 -> node0909 -> node0001 -> node0000
 -> node0910 -> node0004 -> node0000
 -> node0911 -> node0003 -> node0000
 -> node0912 -> node0003 -> node0000
 -> node0913 -> node0040 -> node0020 -> node0001 -> node0000
 -> node0914 -> node0003 -> node0000
 -> node0915 -> node0166 -> node0003 -> node0000
 -> node0916 -> node0334 -> node0004 -> node0000
 -> node0917 -> node0905 -> node0082 -> node0003 -> node0000
 -> node0918 -> node0166 -> node0003 -> node0000
 -> node0919 -> node0918 -> node0166 -> node0003 -> node0000
 -> node0920 -> node0004 -> node0000
 -> node0921 -> node0881 -> node0082 -> node0003 -> node0000
 -> node0922 -> node0899 -> node0334 -> node0004 -> node0000
 -> node0923 -> node0040 -> node0020 -> node0001 -> node0000
 -> node0924 -> node0884 -> node0009 -> node0004 -> node0000
 -> node0925 -> node0000
 -> node0926 -> node0020 -> node0001 -> node0000
 -> node0927 -> node0001 -> node0000
 -> node0928 -> node0670 -> node0334 -> node0004 -> node0000
 -> node0929 -> node0009 -> node0004 -> node0000
 -> node0930 -> node0019 -> node0003 -> node0000
 -> node0931 -> node0020 -> node0001 -> node0000
 -> node0932 -> node0912 -> node0003 -> node0000
 -> node0933 -> node0019 -> node0003 -> node0000
 -> node0934 -> node0906 -> node0003 -> node0000
 -> node0935 -> node0915 -> node0166 -> node0003 -> node0000
 -> node0936 -> node0019 -> node0003 -> node0000
 -> node0937 -> node0019 -> node0003 -> node0000
 -> node0938 -> node0082 -> node0003 -> node0000
 -> node0939 -> node0334 -> node0004 -> node0000
 -> node0940 -> node0001 -> node0000
 -> node0941 -> node0670 -> node0334 -> node0004 -> node0000
 -> node0942 -> node0887 -> node0000
 -> node0943 -> node0019 -> node0003 -> node0000
 -> node0944 -> node0004 -> node0000
 -> node0945 -> node0000
 -> node0946 -> node0019 -> node0003 -> node0000
 -> node0947 -> node0000
 -> node0948 -> node0943 -> node0019 -> node0003 -> node0000
 -> node0949 -> node0003 -> node0000
 -> node0950 -> node0001 -> node0000
 -> node0951 -> node0334 -> node0004 -> node0000
 -> node0952 -> node0000
 -> node0953 -> node0950 -> node0001 -> node0000
 -> node0954 -> node0009 -> node0004 -> node0000
 -> node0955 -> node0954 -> node0009 -> node0004 -> node0000
 -> node0956 -> node0019 -> node0003 -> node0000
 -> node0957 -> node0082 -> node0003 -> node0000
 -> node0958 -> node0941 -> node0670 -> node0334 -> node0004 -> node0000
 -> node0959 -> node0954 -> node0009 -> node0004 -> node0000
 -> node0960 -> node0082 -> node0003 -> node0000
 -> node0961 -> node0166 -> node0003 -> node0000
 -> node0962 -> node0670 -> node0334 -> node0004 -> node0000
 -> node0963 -> node0956 -> node0019 -> node0003 -> node0000
 -> node0964 -> node0004 -> node0000
 -> node0965 -> node0004 -> node0000
 -> node0966 -> node0019 -> node0003 -> node0000
 -> node0967 -> node0019 -> node0003 -> node0000
 -> node0968 -> node0938 -> node0082 -> node0003 -> node0000
 -> node0969 -> node0082 -> node0003 -> node0000
 -> node0970 -> node0019 -> node0003 -> node0000
 -> node0971 -> node0000
 -> node0972 -> node0945 -> node0000
 -> node0973 -> node0965 -> node0004 -> node0000
 -> node0974 -> node0001 -> node0000
 -> node0975 -> node0000
 -> node0976 -> node0974 -> node0001 -> node0000
 -> node0977 -> node0964 -> node0004 -> node0000
 -> node0978 -> node0000
 -> node0979 -> node0875 -> node0082 -> node0003 -> node0000
 -> node0980 -> node0000
 -> node0981 -> node0004 -> node0000
 -> node0982 -> node0001 -> node0000
 -> node0983 -> node0003 -> node0000
 -> node0984 -> node0001 -> node0000
 -> node0985 -> node0004 -> node0000
 -> node0986 -> node0004 -> node0000
 -> node0987 -> node0986 -> node0004 -> node0000
 -> node0988 -> node0001 -> node0000
 -> node0989 -> node0000
 -> node0990 -> node0003 -> node0000
 -> node0991 -> node0984 -> node0001 -> node0000
 -> node0992 -> node0004 -> node0000
 -> node0993 -> node0004 -> node0000
 -> node0994 -> node0000
 -> node0995 -> node0003 -> node0000
 -> node0996 -> node0004 -> node0000
 -> node0997 -> node0991 -> node0984 -> node0001 -> node0000
 -> node0998 -> node0996 -> node0004 -> node0000
